<?xml version="1.0" encoding="UTF-8"?>
<testng-results skipped="0" failed="0" ignored="0" total="1" passed="1">
  <reporter-output>
  </reporter-output>
  <suite name="Default suite" duration-ms="3369" started-at="2022-01-30T01:10:50 EST" finished-at="2022-01-30T01:10:53 EST">
    <groups>
    </groups>
    <test name="Default test" duration-ms="3369" started-at="2022-01-30T01:10:50 EST" finished-at="2022-01-30T01:10:53 EST">
      <class name="demo.SampleTest">
        <test-method status="PASS" signature="setUp()[pri:0, instance:demo.SampleTest@1d29cf23]" name="setUp" is-config="true" duration-ms="2067" started-at="2022-01-30T01:10:50 EST" finished-at="2022-01-30T01:10:52 EST">
          <reporter-output>
          </reporter-output>
        </test-method> <!-- setUp -->
        <test-method status="PASS" signature="login()[pri:0, instance:demo.SampleTest@1d29cf23]" name="login" duration-ms="600" started-at="2022-01-30T01:10:52 EST" finished-at="2022-01-30T01:10:53 EST">
          <reporter-output>
          </reporter-output>
        </test-method> <!-- login -->
        <test-method status="PASS" signature="cleanup()[pri:0, instance:demo.SampleTest@1d29cf23]" name="cleanup" is-config="true" duration-ms="646" started-at="2022-01-30T01:10:53 EST" finished-at="2022-01-30T01:10:53 EST">
          <reporter-output>
          </reporter-output>
        </test-method> <!-- cleanup -->
      </class> <!-- demo.SampleTest -->
    </test> <!-- Default test -->
  </suite> <!-- Default suite -->
</testng-results>
